<?xml version="1.0" encoding="UTF-8" ?>
<testsuite tests="4" failures="0" name="artOfTesting.googleCalcTest" time="0.389" errors="0" skipped="0">
  <properties>
[...]
</properties>
  <testcase classname="Scenario: Addition" name="Given I open google" time="0.005"/>
  <testcase classname="Scenario: Addition" name="When I enter &quot;2+2&quot; in search textbox" time="0"/>
  <testcase classname="Scenario: Addition" name="Then I should get result as &quot;4&quot;" time="0"/>
  <testcase classname="Scenario: Addition" name="Scenario: Addition" time="0.384"/>
</testsuite>